[00:47:27] [ServerMain/INFO]: [bootstrap] Running Java 21 (OpenJDK 64-Bit Server VM 21.0.6+7-Ubuntu-120.04.1; Ubuntu null) on Linux 6.8.0-1021-azure (amd64)
[00:47:27] [ServerMain/INFO]: [bootstrap] Loading Paper 1.21.3-63-master@4190ee7 (2024-11-25T18:59:19Z) for Minecraft 1.21.3
[00:47:27] [ServerMain/INFO]: [PluginInitializerManager] Initializing plugins...
[00:47:28] [ServerMain/INFO]: [PluginInitializerManager] Initialized 0 plugins
[00:47:34] [ServerMain/INFO]: Environment: Environment[sessionHost=https://sessionserver.mojang.com, servicesHost=https://api.minecraftservices.com, name=PROD]
[00:47:37] [ServerMain/INFO]: Loaded 1337 recipes
[00:47:37] [ServerMain/INFO]: Loaded 1448 advancements
[00:47:37] [Server thread/INFO]: Starting minecraft server version 1.21.3
[00:47:37] [Server thread/INFO]: Loading properties
[00:47:37] [Server thread/INFO]: This server is running Paper version 1.21.3-63-master@4190ee7 (2024-11-25T18:59:19Z) (Implementing API version 1.21.3-R0.1-SNAPSHOT)
[00:47:38] [Server thread/INFO]: [spark] This server bundles the spark profiler. For more information please visit https://docs.papermc.io/paper/profiling
[00:47:38] [Server thread/INFO]: Server Ping Player Sample Count: 12
[00:47:38] [Server thread/INFO]: Using 4 threads for Netty based IO
[00:47:39] [Server thread/INFO]: [MoonriseCommon] Paper is using 1 worker threads, 1 I/O threads
[00:47:39] [Server thread/INFO]: [ChunkTaskScheduler] Chunk system is using population gen parallelism: true
[00:47:40] [Server thread/INFO]: Default game type: SURVIVAL
[00:47:40] [Server thread/INFO]: Generating keypair
[00:47:40] [Server thread/INFO]: Starting Minecraft server on *:25565
[00:47:40] [Server thread/INFO]: Using epoll channel type
[00:47:40] [Server thread/INFO]: Paper: Using libdeflate (Linux x86_64) compression from Velocity.
[00:47:40] [Server thread/INFO]: Paper: Using OpenSSL 1.1.x (Linux x86_64) cipher from Velocity.
[00:47:40] [Server thread/INFO]: Server permissions file permissions.yml is empty, ignoring it
[00:47:40] [Server thread/INFO]: Preparing level "world"
[00:47:41] [Server thread/INFO]: Preparing start region for dimension minecraft:overworld
[00:47:42] [Server thread/INFO]: Preparing spawn area: 0%
[00:47:42] [Server thread/INFO]: Preparing spawn area: 2%
[00:47:42] [Paper Common Worker #0/INFO]: [MCTypeRegistry] Initialising converters for DataConverter...
[00:47:43] [Paper Common Worker #0/INFO]: [MCTypeRegistry] Finished initialising converters for DataConverter in 725.5ms
[00:47:43] [Server thread/INFO]: Preparing spawn area: 4%
[00:47:43] [Server thread/INFO]: Preparing spawn area: 4%
[00:47:44] [Server thread/INFO]: Preparing spawn area: 4%
[00:47:44] [Server thread/INFO]: Time elapsed: 2488 ms
[00:47:44] [Server thread/INFO]: Preparing start region for dimension minecraft:the_nether
[00:47:44] [Server thread/INFO]: Preparing spawn area: 0%
[00:47:44] [Server thread/INFO]: Time elapsed: 441 ms
[00:47:44] [Server thread/INFO]: Preparing start region for dimension minecraft:the_end
[00:47:44] [Server thread/INFO]: Preparing spawn area: 0%
[00:47:44] [Server thread/INFO]: Time elapsed: 240 ms
[00:47:45] [Server thread/INFO]: [spark] Starting background profiler...
[00:47:45] [Server thread/INFO]: Done preparing level "world" (4.704s)
[00:47:45] [Server thread/INFO]: Running delayed init tasks
[00:47:45] [Server thread/INFO]: Done (18.948s)! For help, type "help"
[00:48:01] [User Authenticator #0/INFO]: UUID of player DelingerGamer is 47d52484-7cce-4fc7-9023-1c910e3cbd93
[00:48:03] [Server thread/INFO]: DelingerGamer joined the game
[00:48:03] [Server thread/INFO]: DelingerGamer[/127.51.18.97:38499] logged in with entity id 25 at ([world]460.5, 71.0, 377.5)
[00:48:43] [Server thread/INFO]: Stopping the server
[00:48:43] [Server thread/INFO]: Stopping server
[00:48:43] [Server thread/INFO]: Saving players
[00:48:43] [Server thread/INFO]: DelingerGamer lost connection: Server closed
[00:48:43] [Server thread/INFO]: DelingerGamer left the game
[00:48:43] [Server thread/INFO]: Saving worlds
[00:48:43] [Server thread/INFO]: Saving chunks for level 'ServerLevel[world]'/minecraft:overworld
[00:48:43] [Server thread/INFO]: [ChunkHolderManager] Waiting 60s for chunk system to halt for world 'world'
[00:48:43] [Server thread/INFO]: [ChunkHolderManager] Halted chunk system for world 'world'
[00:48:43] [Server thread/INFO]: [ChunkHolderManager] Saving all chunkholders for world 'world'
[00:48:46] [Server thread/INFO]: [ChunkHolderManager] Saved 1905 block chunks, 291 entity chunks, 1 poi chunks in world 'world' in 2.79s
[00:48:46] [Server thread/INFO]: [ChunkHolderManager] Waiting 60s for chunk I/O to halt for world 'world'
[00:48:46] [Server thread/INFO]: [ChunkHolderManager] Halted I/O scheduler for world 'world'
[00:48:46] [Server thread/INFO]: Saving chunks for level 'ServerLevel[world_nether]'/minecraft:the_nether
[00:48:46] [Server thread/INFO]: [ChunkHolderManager] Waiting 60s for chunk system to halt for world 'world_nether'
[00:48:46] [Server thread/INFO]: [ChunkHolderManager] Halted chunk system for world 'world_nether'
[00:48:46] [Server thread/INFO]: [ChunkHolderManager] Saving all chunkholders for world 'world_nether'
[00:48:46] [Server thread/INFO]: [ChunkHolderManager] Saved 49 block chunks, 49 entity chunks, 0 poi chunks in world 'world_nether' in 0.10s
[00:48:46] [Server thread/INFO]: [ChunkHolderManager] Waiting 60s for chunk I/O to halt for world 'world_nether'
[00:48:46] [Server thread/INFO]: [ChunkHolderManager] Halted I/O scheduler for world 'world_nether'
[00:48:46] [Server thread/INFO]: Saving chunks for level 'ServerLevel[world_the_end]'/minecraft:the_end
[00:48:46] [Server thread/INFO]: [ChunkHolderManager] Waiting 60s for chunk system to halt for world 'world_the_end'
[00:48:46] [Server thread/INFO]: [ChunkHolderManager] Halted chunk system for world 'world_the_end'
[00:48:46] [Server thread/INFO]: [ChunkHolderManager] Saving all chunkholders for world 'world_the_end'
[00:48:46] [Server thread/INFO]: [ChunkHolderManager] Saved 49 block chunks, 49 entity chunks, 0 poi chunks in world 'world_the_end' in 0.07s
[00:48:46] [Server thread/INFO]: [ChunkHolderManager] Waiting 60s for chunk I/O to halt for world 'world_the_end'
[00:48:46] [Server thread/INFO]: [ChunkHolderManager] Halted I/O scheduler for world 'world_the_end'
[00:48:46] [Server thread/INFO]: ThreadedAnvilChunkStorage (world): All chunks are saved
[00:48:46] [Server thread/INFO]: ThreadedAnvilChunkStorage (DIM-1): All chunks are saved
[00:48:46] [Server thread/INFO]: ThreadedAnvilChunkStorage (DIM1): All chunks are saved
[00:48:46] [Server thread/INFO]: ThreadedAnvilChunkStorage: All dimensions are saved
[00:48:46] [Server thread/INFO]: Waiting for I/O tasks to complete...
[00:48:46] [Server thread/INFO]: All I/O tasks to complete
[00:48:46] [Server thread/INFO]: [MoonriseCommon] Awaiting termination of worker pool for up to 60s...
[00:48:46] [Server thread/INFO]: [MoonriseCommon] Awaiting termination of I/O pool for up to 60s...
